<?xml version="1.0" encoding="UTF-8"?>
<!-- Generated by org.testng.reporters.JUnitReportReporter -->
<testsuite skipped="0" hostname="DESKTOP-7HLHO1F" name="com.inetBanking.testCases.TC_LoginTest_001" tests="1" failures="0" timestamp="2022-01-23T15:34:32 IST" time="5.845" errors="0">
  <testcase name="loginTest" time="5.845" classname="com.inetBanking.testCases.TC_LoginTest_001"/>
  <system-out/>
</testsuite> <!-- com.inetBanking.testCases.TC_LoginTest_001 -->
